<TcMenuPlugin name="Unit test remote plugin" id="850B889B-FB15-4D9B-A589-67D5FFE3488D" subsystem="REMOTE"
              xmlns="https://www.thecoderscorner.com/libraries/tcmenuPluginItem" xmlns:xsi="http://www.w3.org/2001/XMLSchema-instance"
              xsi:schemaLocation="https://www.thecoderscorner.com/libraries/tcmenuPluginItem https://www.thecoderscorner.com/libraries/tcmenu-plugin-item.xsd">
    <SupportedPlatforms>
        <Platform>ARDUINO_UNO</Platform>
        <Platform>ARDUINO_AVR</Platform>
        <Platform>ARDUINO_32</Platform>
    </SupportedPlatforms>
    <Description>A unit test plugin that is not intended for production use</Description>
    <Documentation link="https://www.thecoderscorner.com/products/arduino-libraries/tc-menu/tcmenu-plugins/serial-remote-plugin/"/>
    <RequiredLibraries/>
    <ImageFile>joystick.jpg</ImageFile>

    <Properties>
        <Property id="SERIAL_PORT" name="Serial port" desc="Enter the variable name of the serial port, E.G: Serial" initial="Serial" type="variable"/>
    </Properties>

    <ApplicabilityDefs/>

    <SourceFiles>
        <SourceFile name="src/MySpecialTransport.h"/>
    </SourceFiles>

    <IncludeFiles>
        <Header name="MySpecialTransport.h" inSource="true"/>
    </IncludeFiles>

    <GlobalVariables/>

    <SetupFunctions>
        <Function name="begin" object="turboTron">
            <Param ref="${SERIAL_PORT}"/>
            <Param ref="applicationInfo"/>
        </Function>
    </SetupFunctions>
</TcMenuPlugin>