<TcMenuPlugin name="Unit test remote plugin" id="850b889b-fb15-4d9b-a589-67d5ffe3488d" subsystem="REMOTE"
              xmlns="https://www.thecoderscorner.com/libraries/tcmenuPluginItem" xmlns:xsi="http://www.w3.org/2001/XMLSchema-instance"
              xsi:schemaLocation="https://www.thecoderscorner.com/libraries/tcmenuPluginItem https://www.thecoderscorner.com/products/arduino-libraries/libraries/tcmenu-plugin-item.xsd">
    <SupportedPlatforms>
        <Platform>ARDUINO_UNO</Platform>
        <Platform>ARDUINO_AVR</Platform>
        <Platform>ARDUINO_32</Platform>
    </SupportedPlatforms>
    <Description>A unit test plugin that is not intended for production use</Description>
    <Documentation link="https://tcmenu.github.io/documentation/arduino-libraries/tc-menu/tcmenu-plugins/serial-remote-plugin/"/>
    <RequiredLibraries/>
    <ImageFile>joystick.jpg</ImageFile>

    <Properties>
        <Property id="SERIAL_PORT" name="Serial port" desc="Enter the variable name of the serial port, E.G: Serial" initial="Serial" type="variable"/>
        <Property id="BOOL_FLAG" name="Bool Flag" desc="Bool flag used by applicability" initial="true" type="boolean"/>
    </Properties>

    <ApplicabilityDefs/>

    <SourceFiles>
        <Replacement find="define THE_SERIAL COM1" replace="define THE_SERIAL ${SERIAL_PORT}" whenProperty="BOOL_FLAG" isValue="true"/>
        <Replacement find="define THE_SERIAL COM1" replace="false was chosen" whenProperty="BOOL_FLAG" isValue="false"/>
        <SourceFile name="src/MySpecialTransport.h"/>
    </SourceFiles>

    <IncludeFiles>
        <Header name="MySpecialTransport.h" inSource="true"/>
    </IncludeFiles>

    <GlobalVariables/>

    <SetupFunctions>
        <Function name="begin" object="turboTron">
            <Param ref="${SERIAL_PORT}"/>
            <Param ref="applicationInfo"/>
            <Param ref="${ROOT}"/>
            <Param value="${TARGET}"/>
        </Function>
    </SetupFunctions>
</TcMenuPlugin>